<?xml version="1.0" encoding="UTF-8"?>
<!-- Generated by org.testng.reporters.JUnitXMLReporter -->
<testsuite hostname="PriyankaSahni.local" ignored="0" name="Default test" tests="6" failures="0" timestamp="05 May 2020 14:34:37 GMT" time="9.3" errors="0">
  <testcase name="loginPageTitle" time="0.04" classname="com.ezcontent.qa.testcases.LoginPageTest"/>
  <testcase name="drupalLogoImage" time="0.04" classname="com.ezcontent.qa.testcases.LoginPageTest"/>
  <testcase name="emailHelpText" time="0.023" classname="com.ezcontent.qa.testcases.LoginPageTest"/>
  <testcase name="passwordHelpText" time="0.023" classname="com.ezcontent.qa.testcases.LoginPageTest"/>
  <testcase name="login" time="4.162" classname="com.ezcontent.qa.testcases.LoginPageTest"/>
  <testcase name="navigatetoDashboard" time="0.03" classname="com.ezcontent.qa.testcases.LoginPageTest"/>
</testsuite> <!-- Default test -->
