<?xml version="1.0" encoding="UTF-8"?>
<!-- Generated by org.testng.reporters.JUnitXMLReporter -->
<testsuite hostname="PriyankaSahni.local" ignored="0" name="Test" tests="6" failures="0" timestamp="26 Apr 2020 12:51:43 GMT" time="14.433" errors="0">
  <testcase name="loginPageTitleTest" time="0.056" classname="com.ezcontent.qa.testcases.LoginPageTest"/>
  <testcase name="drupalLogoImageTest" time="0.068" classname="com.ezcontent.qa.testcases.LoginPageTest"/>
  <testcase name="emailHelpTextTest" time="0.034" classname="com.ezcontent.qa.testcases.LoginPageTest"/>
  <testcase name="passwordHelpTextTest" time="0.027" classname="com.ezcontent.qa.testcases.LoginPageTest"/>
  <testcase name="loginTest" time="3.51" classname="com.ezcontent.qa.testcases.LoginPageTest"/>
  <testcase name="navigatetoDashboard" time="3.662" classname="com.ezcontent.qa.testcases.LoginPageTest"/>
</testsuite> <!-- Test -->
