<?xml version="1.0" encoding="UTF-8"?>
<!-- Generated by org.testng.reporters.JUnitXMLReporter -->
<testsuite hostname="PriyankaSahni.local" ignored="0" name="Test" tests="3" failures="0" timestamp="07 May 2020 16:17:38 GMT" time="27.787" errors="0">
  <testcase name="loginPageTitle" time="0.045" classname="com.ezcontent.qa.testcases.LoginPageTest"/>
  <testcase name="loginTest" time="3.752" classname="com.ezcontent.qa.testcases.ContentLiveBlogTest"/>
  <testcase name="loginTest" time="6.486" classname="com.ezcontent.qa.testcases.ArticleMapTest2"/>
</testsuite> <!-- Test -->
